# JRE version: OpenJDK Runtime Environment Zulu17.38+21-CA (17.0.5+8) (build 17.0.5+8-LTS)
# Java VM: OpenJDK 64-Bit Server VM Zulu17.38+21-CA (17.0.5+8-LTS, mixed mode, emulated-client, sharing, tiered, compressed oops, compressed class ptrs, g1 gc, windows-amd64)
GC Precious Log:
 CPUs: 8 total, 8 available
 Memory: 16134M
 Large Page Support: Disabled
 NUMA Support: Disabled
 Compressed Oops: Enabled (Zero based)
 Heap Region Size: 2M
 Heap Min Capacity: 8M
 Heap Initial Capacity: 254M
 Heap Max Capacity: 4034M
 Pre-touch: Disabled
 Parallel Workers: 8
 Concurrent Workers: 2
 Concurrent Refinement Workers: 8
 Periodic GC: Disabled
Heap:
 garbage-first heap   total 714752K, used 484795K [0x0000000703e00000, 0x0000000800000000)
  region size 2048K, 1 young (2048K), 1 survivors (2048K)
 Metaspace       used 49262K, committed 49600K, reserved 1097728K
  class space    used 9234K, committed 9408K, reserved 1048576K
GC Heap History (20 events):
Event: 4.874 GC heap after
{Heap after GC invocations=12 (full 0):
 garbage-first heap   total 69632K, used 19473K [0x0000000703e00000, 0x0000000800000000)
  region size 2048K, 1 young (2048K), 1 survivors (2048K)
 Metaspace       used 46530K, committed 46912K, reserved 1089536K
  class space    used 8787K, committed 8960K, reserved 1048576K
}
Event: 6.338 GC heap before
{Heap before GC invocations=12 (full 0):
 garbage-first heap   total 69632K, used 33809K [0x0000000703e00000, 0x0000000800000000)
  region size 2048K, 3 young (6144K), 1 survivors (2048K)
 Metaspace       used 46640K, committed 46976K, reserved 1089536K
  class space    used 8798K, committed 8960K, reserved 1048576K
}
Event: 6.340 GC heap after
{Heap after GC invocations=13 (full 0):
 garbage-first heap   total 69632K, used 25371K [0x0000000703e00000, 0x0000000800000000)
  region size 2048K, 1 young (2048K), 1 survivors (2048K)
 Metaspace       used 46640K, committed 46976K, reserved 1089536K
  class space    used 8798K, committed 8960K, reserved 1048576K
}
Event: 7.203 GC heap before
{Heap before GC invocations=13 (full 0):
 garbage-first heap   total 69632K, used 35611K [0x0000000703e00000, 0x0000000800000000)
  region size 2048K, 2 young (4096K), 1 survivors (2048K)
 Metaspace       used 46640K, committed 46976K, reserved 1089536K
  class space    used 8798K, committed 8960K, reserved 1048576K
}
Event: 7.204 GC heap after
{Heap after GC invocations=14 (full 0):
 garbage-first heap   total 69632K, used 29399K [0x0000000703e00000, 0x0000000800000000)
  region size 2048K, 1 young (2048K), 1 survivors (2048K)
 Metaspace       used 46640K, committed 46976K, reserved 1089536K
  class space    used 8798K, committed 8960K, reserved 1048576K
}
Event: 8.432 GC heap before
{Heap before GC invocations=14 (full 0):
 garbage-first heap   total 69632K, used 47831K [0x0000000703e00000, 0x0000000800000000)
  region size 2048K, 2 young (4096K), 1 survivors (2048K)
 Metaspace       used 46640K, committed 46976K, reserved 1089536K
  class space    used 8798K, committed 8960K, reserved 1048576K
}
Event: 8.433 GC heap after
{Heap after GC invocations=15 (full 0):
 garbage-first heap   total 69632K, used 37580K [0x0000000703e00000, 0x0000000800000000)
  region size 2048K, 1 young (2048K), 1 survivors (2048K)
 Metaspace       used 46640K, committed 46976K, reserved 1089536K
  class space    used 8798K, committed 8960K, reserved 1048576K
}
Event: 10.922 GC heap before
{Heap before GC invocations=16 (full 0):
 garbage-first heap   total 126976K, used 74444K [0x0000000703e00000, 0x0000000800000000)
  region size 2048K, 3 young (6144K), 1 survivors (2048K)
 Metaspace       used 46640K, committed 46976K, reserved 1089536K
  class space    used 8798K, committed 8960K, reserved 1048576K
}
Event: 10.923 GC heap after
{Heap after GC invocations=17 (full 0):
 garbage-first heap   total 126976K, used 53954K [0x0000000703e00000, 0x0000000800000000)
  region size 2048K, 1 young (2048K), 1 survivors (2048K)
 Metaspace       used 46640K, committed 46976K, reserved 1089536K
  class space    used 8798K, committed 8960K, reserved 1048576K
}
Event: 17.064 GC heap before
{Heap before GC invocations=17 (full 0):
 garbage-first heap   total 192512K, used 125634K [0x0000000703e00000, 0x0000000800000000)
  region size 2048K, 4 young (8192K), 1 survivors (2048K)
 Metaspace       used 46640K, committed 46976K, reserved 1089536K
  class space    used 8798K, committed 8960K, reserved 1048576K
}
Event: 17.065 GC heap after
{Heap after GC invocations=18 (full 0):
 garbage-first heap   total 192512K, used 86724K [0x0000000703e00000, 0x0000000800000000)
  region size 2048K, 1 young (2048K), 1 survivors (2048K)
 Metaspace       used 46640K, committed 46976K, reserved 1089536K
  class space    used 8798K, committed 8960K, reserved 1048576K
}
Event: 18.114 GC heap before
{Heap before GC invocations=19 (full 0):
 garbage-first heap   total 372736K, used 232132K [0x0000000703e00000, 0x0000000800000000)
  region size 2048K, 8 young (16384K), 1 survivors (2048K)
 Metaspace       used 49216K, committed 49600K, reserved 1097728K
  class space    used 9227K, committed 9408K, reserved 1048576K
}
Event: 18.116 GC heap after
{Heap after GC invocations=20 (full 0):
 garbage-first heap   total 372736K, used 153181K [0x0000000703e00000, 0x0000000800000000)
  region size 2048K, 1 young (2048K), 1 survivors (2048K)
 Metaspace       used 49216K, committed 49600K, reserved 1097728K
  class space    used 9227K, committed 9408K, reserved 1048576K
}
Event: 18.126 GC heap before
{Heap before GC invocations=20 (full 0):
 garbage-first heap   total 372736K, used 222813K [0x0000000703e00000, 0x0000000800000000)
  region size 2048K, 1 young (2048K), 1 survivors (2048K)
 Metaspace       used 49216K, committed 49600K, reserved 1097728K
  class space    used 9227K, committed 9408K, reserved 1048576K
}
Event: 18.129 GC heap after
{Heap after GC invocations=21 (full 0):
 garbage-first heap   total 372736K, used 222564K [0x0000000703e00000, 0x0000000800000000)
  region size 2048K, 1 young (2048K), 1 survivors (2048K)
 Metaspace       used 49216K, committed 49600K, reserved 1097728K
  class space    used 9227K, committed 9408K, reserved 1048576K
}
Event: 19.037 GC heap before
{Heap before GC invocations=22 (full 0):
 garbage-first heap   total 608256K, used 361828K [0x0000000703e00000, 0x0000000800000000)
  region size 2048K, 1 young (2048K), 1 survivors (2048K)
 Metaspace       used 49217K, committed 49600K, reserved 1097728K
  class space    used 9227K, committed 9408K, reserved 1048576K
}
Event: 19.038 GC heap after
{Heap after GC invocations=23 (full 0):
 garbage-first heap   total 608256K, used 292196K [0x0000000703e00000, 0x0000000800000000)
  region size 2048K, 1 young (2048K), 1 survivors (2048K)
 Metaspace       used 49217K, committed 49600K, reserved 1097728K
  class space    used 9227K, committed 9408K, reserved 1048576K
}
Event: 19.115 GC heap before
{Heap before GC invocations=24 (full 0):
 garbage-first heap   total 714752K, used 425316K [0x0000000703e00000, 0x0000000800000000)
  region size 2048K, 2 young (4096K), 1 survivors (2048K)
 Metaspace       used 49262K, committed 49600K, reserved 1097728K
  class space    used 9234K, committed 9408K, reserved 1048576K
}
Event: 19.116 GC heap after
{Heap after GC invocations=25 (full 0):
 garbage-first heap   total 714752K, used 286117K [0x0000000703e00000, 0x0000000800000000)
  region size 2048K, 1 young (2048K), 1 survivors (2048K)
 Metaspace       used 49262K, committed 49600K, reserved 1097728K
  class space    used 9234K, committed 9408K, reserved 1048576K
}
Event: 19.854 GC heap before
{Heap before GC invocations=25 (full 0):
 garbage-first heap   total 714752K, used 484773K [0x0000000703e00000, 0x0000000800000000)
  region size 2048K, 1 young (2048K), 1 survivors (2048K)
 Metaspace       used 49262K, committed 49600K, reserved 1097728K
  class space    used 9234K, committed 9408K, reserved 1048576K
}

