# JRE version: OpenJDK Runtime Environment Zulu17.38+21-CA (17.0.5+8) (build 17.0.5+8-LTS)
# Java VM: OpenJDK 64-Bit Server VM Zulu17.38+21-CA (17.0.5+8-LTS, mixed mode, emulated-client, sharing, tiered, compressed oops, compressed class ptrs, g1 gc, windows-amd64)
GC Precious Log:
 CPUs: 8 total, 8 available
 Memory: 16134M
 Large Page Support: Disabled
 NUMA Support: Disabled
 Compressed Oops: Enabled (Zero based)
 Heap Region Size: 2M
 Heap Min Capacity: 8M
 Heap Initial Capacity: 254M
 Heap Max Capacity: 4034M
 Pre-touch: Disabled
 Parallel Workers: 8
 Concurrent Workers: 2
 Concurrent Refinement Workers: 8
 Periodic GC: Disabled
Heap:
 garbage-first heap   total 798720K, used 292745K [0x0000000703e00000, 0x0000000800000000)
  region size 2048K, 1 young (2048K), 1 survivors (2048K)
 Metaspace       used 49432K, committed 49792K, reserved 1097728K
  class space    used 9259K, committed 9408K, reserved 1048576K
GC Heap History (20 events):
Event: 11.541 GC heap after
{Heap after GC invocations=17 (full 0):
 garbage-first heap   total 223232K, used 87188K [0x0000000703e00000, 0x0000000800000000)
  region size 2048K, 2 young (4096K), 2 survivors (4096K)
 Metaspace       used 46668K, committed 47040K, reserved 1089536K
  class space    used 8800K, committed 8960K, reserved 1048576K
}
Event: 11.602 GC heap before
{Heap before GC invocations=17 (full 0):
 garbage-first heap   total 223232K, used 220308K [0x0000000703e00000, 0x0000000800000000)
  region size 2048K, 2 young (4096K), 2 survivors (4096K)
 Metaspace       used 46668K, committed 47040K, reserved 1089536K
  class space    used 8800K, committed 8960K, reserved 1048576K
}
Event: 11.605 GC heap after
{Heap after GC invocations=18 (full 0):
 garbage-first heap   total 225280K, used 152752K [0x0000000703e00000, 0x0000000800000000)
  region size 2048K, 2 young (4096K), 2 survivors (4096K)
 Metaspace       used 46668K, committed 47040K, reserved 1089536K
  class space    used 8800K, committed 8960K, reserved 1048576K
}
Event: 12.053 GC heap before
{Heap before GC invocations=18 (full 0):
 garbage-first heap   total 225280K, used 165040K [0x0000000703e00000, 0x0000000800000000)
  region size 2048K, 9 young (18432K), 2 survivors (4096K)
 Metaspace       used 49313K, committed 49664K, reserved 1097728K
  class space    used 9231K, committed 9408K, reserved 1048576K
}
Event: 12.057 GC heap after
{Heap after GC invocations=19 (full 0):
 garbage-first heap   total 225280K, used 153559K [0x0000000703e00000, 0x0000000800000000)
  region size 2048K, 3 young (6144K), 3 survivors (6144K)
 Metaspace       used 49313K, committed 49664K, reserved 1097728K
  class space    used 9231K, committed 9408K, reserved 1048576K
}
Event: 12.059 GC heap before
{Heap before GC invocations=19 (full 0):
 garbage-first heap   total 225280K, used 153559K [0x0000000703e00000, 0x0000000800000000)
  region size 2048K, 3 young (6144K), 3 survivors (6144K)
 Metaspace       used 49313K, committed 49664K, reserved 1097728K
  class space    used 9231K, committed 9408K, reserved 1048576K
}
Event: 12.064 GC heap after
{Heap after GC invocations=20 (full 0):
 garbage-first heap   total 225280K, used 153661K [0x0000000703e00000, 0x0000000800000000)
  region size 2048K, 2 young (4096K), 2 survivors (4096K)
 Metaspace       used 49313K, committed 49664K, reserved 1097728K
  class space    used 9231K, committed 9408K, reserved 1048576K
}
Event: 13.206 GC heap before
{Heap before GC invocations=21 (full 0):
 garbage-first heap   total 608256K, used 362557K [0x0000000703e00000, 0x0000000800000000)
  region size 2048K, 2 young (4096K), 2 survivors (4096K)
 Metaspace       used 49313K, committed 49664K, reserved 1097728K
  class space    used 9231K, committed 9408K, reserved 1048576K
}
Event: 13.209 GC heap after
{Heap after GC invocations=22 (full 0):
 garbage-first heap   total 608256K, used 292706K [0x0000000703e00000, 0x0000000800000000)
  region size 2048K, 1 young (2048K), 1 survivors (2048K)
 Metaspace       used 49313K, committed 49664K, reserved 1097728K
  class space    used 9231K, committed 9408K, reserved 1048576K
}
Event: 13.402 GC heap before
{Heap before GC invocations=23 (full 0):
 garbage-first heap   total 710656K, used 425826K [0x0000000703e00000, 0x0000000800000000)
  region size 2048K, 2 young (4096K), 1 survivors (2048K)
 Metaspace       used 49336K, committed 49664K, reserved 1097728K
  class space    used 9238K, committed 9408K, reserved 1048576K
}
Event: 13.405 GC heap after
{Heap after GC invocations=24 (full 0):
 garbage-first heap   total 710656K, used 286561K [0x0000000703e00000, 0x0000000800000000)
  region size 2048K, 1 young (2048K), 1 survivors (2048K)
 Metaspace       used 49336K, committed 49664K, reserved 1097728K
  class space    used 9238K, committed 9408K, reserved 1048576K
}
Event: 14.293 GC heap before
{Heap before GC invocations=24 (full 0):
 garbage-first heap   total 710656K, used 485217K [0x0000000703e00000, 0x0000000800000000)
  region size 2048K, 1 young (2048K), 1 survivors (2048K)
 Metaspace       used 49336K, committed 49664K, reserved 1097728K
  class space    used 9238K, committed 9408K, reserved 1048576K
}
Event: 14.297 GC heap after
{Heap after GC invocations=25 (full 0):
 garbage-first heap   total 710656K, used 485185K [0x0000000703e00000, 0x0000000800000000)
  region size 2048K, 1 young (2048K), 1 survivors (2048K)
 Metaspace       used 49336K, committed 49664K, reserved 1097728K
  class space    used 9238K, committed 9408K, reserved 1048576K
}
Event: 19.442 GC heap before
{Heap before GC invocations=26 (full 0):
 garbage-first heap   total 798720K, used 483137K [0x0000000703e00000, 0x0000000800000000)
  region size 2048K, 4 young (8192K), 1 survivors (2048K)
 Metaspace       used 49432K, committed 49792K, reserved 1097728K
  class space    used 9259K, committed 9408K, reserved 1048576K
}
Event: 19.447 GC heap after
{Heap after GC invocations=27 (full 0):
 garbage-first heap   total 798720K, used 20844K [0x0000000703e00000, 0x0000000800000000)
  region size 2048K, 2 young (4096K), 2 survivors (4096K)
 Metaspace       used 49432K, committed 49792K, reserved 1097728K
  class space    used 9259K, committed 9408K, reserved 1048576K
}
Event: 24.840 GC heap before
{Heap before GC invocations=27 (full 0):
 garbage-first heap   total 798720K, used 303468K [0x0000000703e00000, 0x0000000800000000)
  region size 2048K, 6 young (12288K), 2 survivors (4096K)
 Metaspace       used 49432K, committed 49792K, reserved 1097728K
  class space    used 9259K, committed 9408K, reserved 1048576K
}
Event: 24.846 GC heap after
{Heap after GC invocations=28 (full 0):
 garbage-first heap   total 798720K, used 153472K [0x0000000703e00000, 0x0000000800000000)
  region size 2048K, 1 young (2048K), 1 survivors (2048K)
 Metaspace       used 49432K, committed 49792K, reserved 1097728K
  class space    used 9259K, committed 9408K, reserved 1048576K
}
Event: 24.865 GC heap before
{Heap before GC invocations=28 (full 0):
 garbage-first heap   total 798720K, used 223104K [0x0000000703e00000, 0x0000000800000000)
  region size 2048K, 1 young (2048K), 1 survivors (2048K)
 Metaspace       used 49432K, committed 49792K, reserved 1097728K
  class space    used 9259K, committed 9408K, reserved 1048576K
}
Event: 24.868 GC heap after
{Heap after GC invocations=29 (full 0):
 garbage-first heap   total 798720K, used 223121K [0x0000000703e00000, 0x0000000800000000)
  region size 2048K, 1 young (2048K), 1 survivors (2048K)
 Metaspace       used 49432K, committed 49792K, reserved 1097728K
  class space    used 9259K, committed 9408K, reserved 1048576K
}
Event: 25.745 GC heap before
{Heap before GC invocations=29 (full 0):
 garbage-first heap   total 798720K, used 362385K [0x0000000703e00000, 0x0000000800000000)
  region size 2048K, 1 young (2048K), 1 survivors (2048K)
 Metaspace       used 49432K, committed 49792K, reserved 1097728K
  class space    used 9259K, committed 9408K, reserved 1048576K
}

